1504562245205	geckodriver	INFO	Listening on 127.0.0.1:65126
1504562246680	geckodriver::marionette	INFO	Starting browser /Applications/Firefox.app/Contents/MacOS/firefox-bin with args ["-marionette"]
1504562289085	Marionette	INFO	Listening on port 65147
1504562290743	Marionette	WARN	TLS certificate errors will be ignored for this session
2017-09-04 14:58:15.049 plugin-container[6284:888273] *** CFMessagePort: bootstrap_register(): failed 1100 (0x44c) 'Permission denied', port = 0x953b, name = 'com.apple.tsm.portname'
See /usr/include/servers/bootstrap_defs.h for the error codes.
2017-09-04 14:58:15.053 plugin-container[6284:888273] *** CFMessagePort: bootstrap_register(): failed 1100 (0x44c) 'Permission denied', port = 0x9803, name = 'com.apple.CFPasteboardClient'
See /usr/include/servers/bootstrap_defs.h for the error codes.
1504562350407	geckodriver	INFO	Listening on 127.0.0.1:50176
1504562351892	geckodriver::marionette	INFO	Starting browser /Applications/Firefox.app/Contents/MacOS/firefox-bin with args ["-marionette"]
1504562361918	Marionette	INFO	Listening on port 50193
1504562362008	Marionette	WARN	TLS certificate errors will be ignored for this session
2017-09-04 14:59:23.226 plugin-container[6312:890075] *** CFMessagePort: bootstrap_register(): failed 1100 (0x44c) 'Permission denied', port = 0x943b, name = 'com.apple.tsm.portname'
See /usr/include/servers/bootstrap_defs.h for the error codes.
2017-09-04 14:59:23.231 plugin-container[6312:890075] *** CFMessagePort: bootstrap_register(): failed 1100 (0x44c) 'Permission denied', port = 0x9703, name = 'com.apple.CFPasteboardClient'
See /usr/include/servers/bootstrap_defs.h for the error codes.
JavaScript error: resource://gre/modules/LoginManagerParent.jsm, line 75: TypeError: this._recipeManager is null
JavaScript error: resource://gre/modules/LoginManagerParent.jsm, line 75: TypeError: this._recipeManager is null
1504562480753	geckodriver	INFO	Listening on 127.0.0.1:51118
1504562482221	geckodriver::marionette	INFO	Starting browser /Applications/Firefox.app/Contents/MacOS/firefox-bin with args ["-marionette"]
1504562488185	Marionette	INFO	Listening on port 51135
1504562488292	Marionette	WARN	TLS certificate errors will be ignored for this session
2017-09-04 15:01:28.828 plugin-container[6329:892274] *** CFMessagePort: bootstrap_register(): failed 1100 (0x44c) 'Permission denied', port = 0x963b, name = 'com.apple.tsm.portname'
See /usr/include/servers/bootstrap_defs.h for the error codes.
2017-09-04 15:01:28.831 plugin-container[6329:892274] *** CFMessagePort: bootstrap_register(): failed 1100 (0x44c) 'Permission denied', port = 0x9903, name = 'com.apple.CFPasteboardClient'
See /usr/include/servers/bootstrap_defs.h for the error codes.
1504562718169	geckodriver	INFO	Listening on 127.0.0.1:52465
1504562720134	geckodriver::marionette	INFO	Starting browser /Applications/Firefox.app/Contents/MacOS/firefox-bin with args ["-marionette"]
1504562729565	Marionette	INFO	Listening on port 52486
1504562729731	Marionette	WARN	TLS certificate errors will be ignored for this session
2017-09-04 15:05:30.636 plugin-container[6349:896368] *** CFMessagePort: bootstrap_register(): failed 1100 (0x44c) 'Permission denied', port = 0x963b, name = 'com.apple.tsm.portname'
See /usr/include/servers/bootstrap_defs.h for the error codes.
2017-09-04 15:05:30.641 plugin-container[6349:896368] *** CFMessagePort: bootstrap_register(): failed 1100 (0x44c) 'Permission denied', port = 0x9903, name = 'com.apple.CFPasteboardClient'
See /usr/include/servers/bootstrap_defs.h for the error codes.
2017-09-04 15:06:44.644 plugin-container[6360:897672] *** CFMessagePort: bootstrap_register(): failed 1100 (0x44c) 'Permission denied', port = 0x963b, name = 'com.apple.tsm.portname'
See /usr/include/servers/bootstrap_defs.h for the error codes.
2017-09-04 15:06:44.648 plugin-container[6360:897672] *** CFMessagePort: bootstrap_register(): failed 1100 (0x44c) 'Permission denied', port = 0x9903, name = 'com.apple.CFPasteboardClient'
See /usr/include/servers/bootstrap_defs.h for the error codes.
2017-09-04 15:06:52.316 plugin-container[6362:897875] *** CFMessagePort: bootstrap_register(): failed 1100 (0x44c) 'Permission denied', port = 0x963b, name = 'com.apple.tsm.portname'
See /usr/include/servers/bootstrap_defs.h for the error codes.
2017-09-04 15:06:52.336 plugin-container[6362:897875] *** CFMessagePort: bootstrap_register(): failed 1100 (0x44c) 'Permission denied', port = 0x9903, name = 'com.apple.CFPasteboardClient'
See /usr/include/servers/bootstrap_defs.h for the error codes.
2017-09-04 15:06:57.564 plugin-container[6363:898050] *** CFMessagePort: bootstrap_register(): failed 1100 (0x44c) 'Permission denied', port = 0x963f, name = 'com.apple.tsm.portname'
See /usr/include/servers/bootstrap_defs.h for the error codes.
2017-09-04 15:06:57.565 plugin-container[6363:898050] *** CFMessagePort: bootstrap_register(): failed 1100 (0x44c) 'Permission denied', port = 0x9903, name = 'com.apple.CFPasteboardClient'
See /usr/include/servers/bootstrap_defs.h for the error codes.
2017-09-04 15:07:02.136 plugin-container[6364:898127] *** CFMessagePort: bootstrap_register(): failed 1100 (0x44c) 'Permission denied', port = 0x943b, name = 'com.apple.tsm.portname'
See /usr/include/servers/bootstrap_defs.h for the error codes.
2017-09-04 15:07:02.137 plugin-container[6364:898127] *** CFMessagePort: bootstrap_register(): failed 1100 (0x44c) 'Permission denied', port = 0x9703, name = 'com.apple.CFPasteboardClient'
See /usr/include/servers/bootstrap_defs.h for the error codes.
1504562827928	geckodriver	INFO	Listening on 127.0.0.1:53259
1504562829171	geckodriver::marionette	INFO	Starting browser /Applications/Firefox.app/Contents/MacOS/firefox-bin with args ["-marionette"]
1504562833495	Marionette	INFO	Listening on port 53272
1504562833582	Marionette	WARN	TLS certificate errors will be ignored for this session
2017-09-04 15:07:14.095 plugin-container[6371:898452] *** CFMessagePort: bootstrap_register(): failed 1100 (0x44c) 'Permission denied', port = 0x953b, name = 'com.apple.tsm.portname'
See /usr/include/servers/bootstrap_defs.h for the error codes.
2017-09-04 15:07:14.096 plugin-container[6371:898452] *** CFMessagePort: bootstrap_register(): failed 1100 (0x44c) 'Permission denied', port = 0x9803, name = 'com.apple.CFPasteboardClient'
See /usr/include/servers/bootstrap_defs.h for the error codes.
JavaScript error: resource://gre/modules/LoginManagerParent.jsm, line 75: TypeError: this._recipeManager is null
*************************
A coding exception was thrown and uncaught in a Task.

Full message: TypeError: NetworkError when attempting to fetch resource.
Full stack: 
*************************
1504565103600	geckodriver	INFO	Listening on 127.0.0.1:50481
1504565105011	geckodriver::marionette	INFO	Starting browser /Applications/Firefox.app/Contents/MacOS/firefox-bin with args ["-marionette"]
1504565111089	Marionette	INFO	Listening on port 50498
1504565111170	Marionette	WARN	TLS certificate errors will be ignored for this session
2017-09-04 15:45:11.982 plugin-container[6433:932227] *** CFMessagePort: bootstrap_register(): failed 1100 (0x44c) 'Permission denied', port = 0x952f, name = 'com.apple.tsm.portname'
See /usr/include/servers/bootstrap_defs.h for the error codes.
2017-09-04 15:45:11.986 plugin-container[6433:932227] *** CFMessagePort: bootstrap_register(): failed 1100 (0x44c) 'Permission denied', port = 0x9803, name = 'com.apple.CFPasteboardClient'
See /usr/include/servers/bootstrap_defs.h for the error codes.
1504565143682	geckodriver	INFO	Listening on 127.0.0.1:50816
1504565144681	geckodriver::marionette	INFO	Starting browser /Applications/Firefox.app/Contents/MacOS/firefox-bin with args ["-marionette"]
1504565147253	Marionette	INFO	Listening on port 50829
1504565147332	Marionette	WARN	TLS certificate errors will be ignored for this session
2017-09-04 15:45:47.910 plugin-container[6449:933140] *** CFMessagePort: bootstrap_register(): failed 1100 (0x44c) 'Permission denied', port = 0x953b, name = 'com.apple.tsm.portname'
See /usr/include/servers/bootstrap_defs.h for the error codes.
2017-09-04 15:45:47.915 plugin-container[6449:933140] *** CFMessagePort: bootstrap_register(): failed 1100 (0x44c) 'Permission denied', port = 0x9803, name = 'com.apple.CFPasteboardClient'
See /usr/include/servers/bootstrap_defs.h for the error codes.
1504565198462	geckodriver	INFO	Listening on 127.0.0.1:51136
1504565199469	geckodriver::marionette	INFO	Starting browser /Applications/Firefox.app/Contents/MacOS/firefox-bin with args ["-marionette"]
1504565202161	Marionette	INFO	Listening on port 51149
1504565202237	Marionette	WARN	TLS certificate errors will be ignored for this session
2017-09-04 15:46:42.828 plugin-container[6464:934182] *** CFMessagePort: bootstrap_register(): failed 1100 (0x44c) 'Permission denied', port = 0x963b, name = 'com.apple.tsm.portname'
See /usr/include/servers/bootstrap_defs.h for the error codes.
2017-09-04 15:46:42.833 plugin-container[6464:934182] *** CFMessagePort: bootstrap_register(): failed 1100 (0x44c) 'Permission denied', port = 0x9903, name = 'com.apple.CFPasteboardClient'
See /usr/include/servers/bootstrap_defs.h for the error codes.
[GFX1-]: Receive IPC close with reason=AbnormalShutdown
1504565337014	geckodriver	INFO	Listening on 127.0.0.1:51821
1504565338531	geckodriver::marionette	INFO	Starting browser /Applications/Firefox.app/Contents/MacOS/firefox-bin with args ["-marionette"]
1504565343013	Marionette	INFO	Listening on port 51838
1504565343098	Marionette	WARN	TLS certificate errors will be ignored for this session
2017-09-04 15:49:03.663 plugin-container[6484:937001] *** CFMessagePort: bootstrap_register(): failed 1100 (0x44c) 'Permission denied', port = 0x953b, name = 'com.apple.tsm.portname'
See /usr/include/servers/bootstrap_defs.h for the error codes.
2017-09-04 15:49:03.666 plugin-container[6484:937001] *** CFMessagePort: bootstrap_register(): failed 1100 (0x44c) 'Permission denied', port = 0x9803, name = 'com.apple.CFPasteboardClient'
See /usr/include/servers/bootstrap_defs.h for the error codes.
1504565403930	Marionette	INFO	New connections will no longer be accepted
*************************
A coding exception was thrown and uncaught in a Task.

Full message: TypeError: NetworkError when attempting to fetch resource.
Full stack: 
*************************
*************************
A coding exception was thrown and uncaught in a Task.

Full message: TypeError: NetworkError when attempting to fetch resource.
Full stack: 
*************************
2017-09-05 11:36:28.124 plugin-container[7778:1940245] *** CFMessagePort: bootstrap_register(): failed 1100 (0x44c) 'Permission denied', port = 0x953b, name = 'com.apple.tsm.portname'
See /usr/include/servers/bootstrap_defs.h for the error codes.
2017-09-05 11:36:28.151 plugin-container[7778:1940245] *** CFMessagePort: bootstrap_register(): failed 1100 (0x44c) 'Permission denied', port = 0x9803, name = 'com.apple.CFPasteboardClient'
See /usr/include/servers/bootstrap_defs.h for the error codes.
1504636667164	geckodriver	INFO	Listening on 127.0.0.1:55819
1504636668511	geckodriver::marionette	INFO	Starting browser /Applications/Firefox.app/Contents/MacOS/firefox-bin with args ["-marionette"]
1504636684737	Marionette	INFO	Listening on port 55832
1504636689669	Marionette	WARN	TLS certificate errors will be ignored for this session
2017-09-05 11:38:16.746 plugin-container[7801:1942140] *** CFMessagePort: bootstrap_register(): failed 1100 (0x44c) 'Permission denied', port = 0x963b, name = 'com.apple.tsm.portname'
See /usr/include/servers/bootstrap_defs.h for the error codes.
2017-09-05 11:38:16.834 plugin-container[7801:1942140] *** CFMessagePort: bootstrap_register(): failed 1100 (0x44c) 'Permission denied', port = 0x9903, name = 'com.apple.CFPasteboardClient'
See /usr/include/servers/bootstrap_defs.h for the error codes.
1504636764591	Marionette	INFO	New connections will no longer be accepted
1504636922105	geckodriver	INFO	Listening on 127.0.0.1:57295
1504636923325	geckodriver::marionette	INFO	Starting browser /Applications/Firefox.app/Contents/MacOS/firefox-bin with args ["-marionette"]
1504636929595	Marionette	INFO	Listening on port 57308
1504636929690	Marionette	WARN	TLS certificate errors will be ignored for this session
2017-09-05 11:42:10.252 plugin-container[7820:1946815] *** CFMessagePort: bootstrap_register(): failed 1100 (0x44c) 'Permission denied', port = 0x963b, name = 'com.apple.tsm.portname'
See /usr/include/servers/bootstrap_defs.h for the error codes.
2017-09-05 11:42:10.254 plugin-container[7820:1946815] *** CFMessagePort: bootstrap_register(): failed 1100 (0x44c) 'Permission denied', port = 0x9903, name = 'com.apple.CFPasteboardClient'
See /usr/include/servers/bootstrap_defs.h for the error codes.
1504637046292	geckodriver	INFO	Listening on 127.0.0.1:57972
1504637047999	geckodriver::marionette	INFO	Starting browser /Applications/Firefox.app/Contents/MacOS/firefox-bin with args ["-marionette"]
1504637055581	Marionette	INFO	Listening on port 57989
1504637055671	Marionette	WARN	TLS certificate errors will be ignored for this session
2017-09-05 11:44:16.312 plugin-container[7838:1949035] *** CFMessagePort: bootstrap_register(): failed 1100 (0x44c) 'Permission denied', port = 0x953b, name = 'com.apple.tsm.portname'
See /usr/include/servers/bootstrap_defs.h for the error codes.
2017-09-05 11:44:16.313 plugin-container[7838:1949035] *** CFMessagePort: bootstrap_register(): failed 1100 (0x44c) 'Permission denied', port = 0x9803, name = 'com.apple.CFPasteboardClient'
See /usr/include/servers/bootstrap_defs.h for the error codes.
1504637287865	geckodriver	INFO	Listening on 127.0.0.1:59314
1504637289315	geckodriver::marionette	INFO	Starting browser /Applications/Firefox.app/Contents/MacOS/firefox-bin with args ["-marionette"]
1504637295532	Marionette	INFO	Listening on port 59331
1504637295683	Marionette	WARN	TLS certificate errors will be ignored for this session
2017-09-05 11:48:16.318 plugin-container[7857:1953173] *** CFMessagePort: bootstrap_register(): failed 1100 (0x44c) 'Permission denied', port = 0x973f, name = 'com.apple.tsm.portname'
See /usr/include/servers/bootstrap_defs.h for the error codes.
2017-09-05 11:48:16.319 plugin-container[7857:1953173] *** CFMessagePort: bootstrap_register(): failed 1100 (0x44c) 'Permission denied', port = 0x9a03, name = 'com.apple.CFPasteboardClient'
See /usr/include/servers/bootstrap_defs.h for the error codes.
*************************
A coding exception was thrown and uncaught in a Task.

Full message: TypeError: NetworkError when attempting to fetch resource.
Full stack: 
*************************
*************************
A coding exception was thrown and uncaught in a Task.

Full message: TypeError: NetworkError when attempting to fetch resource.
Full stack: 
*************************
1504662663476	geckodriver	INFO	Listening on 127.0.0.1:63945
1504662665444	geckodriver::marionette	INFO	Starting browser /Applications/Firefox.app/Contents/MacOS/firefox-bin with args ["-marionette"]
1504662674802	Marionette	INFO	Listening on port 63962
1504662675945	Marionette	WARN	TLS certificate errors will be ignored for this session
2017-09-05 18:51:17.079 plugin-container[9975:2249000] *** CFMessagePort: bootstrap_register(): failed 1100 (0x44c) 'Permission denied', port = 0x943b, name = 'com.apple.tsm.portname'
See /usr/include/servers/bootstrap_defs.h for the error codes.
2017-09-05 18:51:17.084 plugin-container[9975:2249000] *** CFMessagePort: bootstrap_register(): failed 1100 (0x44c) 'Permission denied', port = 0x9703, name = 'com.apple.CFPasteboardClient'
See /usr/include/servers/bootstrap_defs.h for the error codes.
1504662836861	geckodriver	INFO	Listening on 127.0.0.1:64852
1504662838221	geckodriver::marionette	INFO	Starting browser /Applications/Firefox.app/Contents/MacOS/firefox-bin with args ["-marionette"]
1504662844139	Marionette	INFO	Listening on port 64869
1504662844288	Marionette	WARN	TLS certificate errors will be ignored for this session
2017-09-05 18:54:05.013 plugin-container[9992:2252650] *** CFMessagePort: bootstrap_register(): failed 1100 (0x44c) 'Permission denied', port = 0x963b, name = 'com.apple.tsm.portname'
See /usr/include/servers/bootstrap_defs.h for the error codes.
2017-09-05 18:54:05.016 plugin-container[9992:2252650] *** CFMessagePort: bootstrap_register(): failed 1100 (0x44c) 'Permission denied', port = 0x9903, name = 'com.apple.CFPasteboardClient'
See /usr/include/servers/bootstrap_defs.h for the error codes.
1504662913415	geckodriver	INFO	Listening on 127.0.0.1:65315
1504662914924	geckodriver::marionette	INFO	Starting browser /Applications/Firefox.app/Contents/MacOS/firefox-bin with args ["-marionette"]
1504662922868	Marionette	INFO	Listening on port 65332
1504662923104	Marionette	WARN	TLS certificate errors will be ignored for this session
2017-09-05 18:55:23.730 plugin-container[10006:2254250] *** CFMessagePort: bootstrap_register(): failed 1100 (0x44c) 'Permission denied', port = 0x9637, name = 'com.apple.tsm.portname'
See /usr/include/servers/bootstrap_defs.h for the error codes.
2017-09-05 18:55:23.734 plugin-container[10006:2254250] *** CFMessagePort: bootstrap_register(): failed 1100 (0x44c) 'Permission denied', port = 0x9903, name = 'com.apple.CFPasteboardClient'
See /usr/include/servers/bootstrap_defs.h for the error codes.
2017-09-05 18:56:27.217 plugin-container[10019:2256012] *** CFMessagePort: bootstrap_register(): failed 1100 (0x44c) 'Permission denied', port = 0x953f, name = 'com.apple.tsm.portname'
See /usr/include/servers/bootstrap_defs.h for the error codes.
2017-09-05 18:56:27.251 plugin-container[10019:2256012] *** CFMessagePort: bootstrap_register(): failed 1100 (0x44c) 'Permission denied', port = 0x9903, name = 'com.apple.CFPasteboardClient'
See /usr/include/servers/bootstrap_defs.h for the error codes.
1504663819374	geckodriver	INFO	Listening on 127.0.0.1:52668
1504663820807	geckodriver::marionette	INFO	Starting browser /Applications/Firefox.app/Contents/MacOS/firefox-bin with args ["-marionette"]
1504663831277	Marionette	INFO	Listening on port 52681
1504663831443	Marionette	WARN	TLS certificate errors will be ignored for this session
2017-09-05 19:10:32.387 plugin-container[10044:2271458] *** CFMessagePort: bootstrap_register(): failed 1100 (0x44c) 'Permission denied', port = 0x963b, name = 'com.apple.tsm.portname'
See /usr/include/servers/bootstrap_defs.h for the error codes.
2017-09-05 19:10:32.390 plugin-container[10044:2271458] *** CFMessagePort: bootstrap_register(): failed 1100 (0x44c) 'Permission denied', port = 0x9903, name = 'com.apple.CFPasteboardClient'
See /usr/include/servers/bootstrap_defs.h for the error codes.
1505431369267	geckodriver	INFO	Listening on 127.0.0.1:51711
1505431370579	geckodriver::marionette	INFO	Starting browser /Applications/Firefox.app/Contents/MacOS/firefox-bin with args ["-marionette"]
1505431377591	Marionette	INFO	Listening on port 51720
1505431377723	Marionette	WARN	TLS certificate errors will be ignored for this session
2017-09-14 16:22:58.321 plugin-container[1088:67376] *** CFMessagePort: bootstrap_register(): failed 1100 (0x44c) 'Permission denied', port = 0x963b, name = 'com.apple.tsm.portname'
See /usr/include/servers/bootstrap_defs.h for the error codes.
2017-09-14 16:22:58.324 plugin-container[1088:67376] *** CFMessagePort: bootstrap_register(): failed 1100 (0x44c) 'Permission denied', port = 0x9903, name = 'com.apple.CFPasteboardClient'
See /usr/include/servers/bootstrap_defs.h for the error codes.
1505431466861	Marionette	INFO	New connections will no longer be accepted
1505434197890	geckodriver	INFO	Listening on 127.0.0.1:62020
1505434199206	geckodriver::marionette	INFO	Starting browser /Applications/Firefox.app/Contents/MacOS/firefox-bin with args ["-marionette"]
1505434211898	Marionette	INFO	Listening on port 62043
1505434212626	Marionette	WARN	TLS certificate errors will be ignored for this session
2017-09-14 17:10:21.753 plugin-container[1164:76344] *** CFMessagePort: bootstrap_register(): failed 1100 (0x44c) 'Permission denied', port = 0x943b, name = 'com.apple.tsm.portname'
See /usr/include/servers/bootstrap_defs.h for the error codes.
2017-09-14 17:10:21.803 plugin-container[1164:76344] *** CFMessagePort: bootstrap_register(): failed 1100 (0x44c) 'Permission denied', port = 0x9703, name = 'com.apple.CFPasteboardClient'
See /usr/include/servers/bootstrap_defs.h for the error codes.
1505434319453	Marionette	INFO	New connections will no longer be accepted
1505434324128	geckodriver	INFO	Listening on 127.0.0.1:62840
1505434325526	geckodriver::marionette	INFO	Starting browser /Applications/Firefox.app/Contents/MacOS/firefox-bin with args ["-marionette"]
1505434333833	Marionette	INFO	Listening on port 62857
1505434333951	Marionette	WARN	TLS certificate errors will be ignored for this session
2017-09-14 17:12:15.415 plugin-container[1174:77683] *** CFMessagePort: bootstrap_register(): failed 1100 (0x44c) 'Permission denied', port = 0x963b, name = 'com.apple.tsm.portname'
See /usr/include/servers/bootstrap_defs.h for the error codes.
2017-09-14 17:12:15.420 plugin-container[1174:77683] *** CFMessagePort: bootstrap_register(): failed 1100 (0x44c) 'Permission denied', port = 0x9903, name = 'com.apple.CFPasteboardClient'
See /usr/include/servers/bootstrap_defs.h for the error codes.
1505434434359	Marionette	INFO	New connections will no longer be accepted
1505434570877	geckodriver	INFO	Listening on 127.0.0.1:64030
1505434572074	geckodriver::marionette	INFO	Starting browser /Applications/Firefox.app/Contents/MacOS/firefox-bin with args ["-marionette"]
1505434577399	Marionette	INFO	Listening on port 64043
1505434577505	Marionette	WARN	TLS certificate errors will be ignored for this session
2017-09-14 17:16:18.027 plugin-container[1198:79603] *** CFMessagePort: bootstrap_register(): failed 1100 (0x44c) 'Permission denied', port = 0x953b, name = 'com.apple.tsm.portname'
See /usr/include/servers/bootstrap_defs.h for the error codes.
2017-09-14 17:16:18.031 plugin-container[1198:79603] *** CFMessagePort: bootstrap_register(): failed 1100 (0x44c) 'Permission denied', port = 0x9803, name = 'com.apple.CFPasteboardClient'
See /usr/include/servers/bootstrap_defs.h for the error codes.
1505434666936	Marionette	INFO	New connections will no longer be accepted
1505434671796	geckodriver	INFO	Listening on 127.0.0.1:64624
1505434673477	geckodriver::marionette	INFO	Starting browser /Applications/Firefox.app/Contents/MacOS/firefox-bin with args ["-marionette"]
1505434680892	Marionette	INFO	Listening on port 64641
1505434680983	Marionette	WARN	TLS certificate errors will be ignored for this session
2017-09-14 17:18:01.462 plugin-container[1208:80792] *** CFMessagePort: bootstrap_register(): failed 1100 (0x44c) 'Permission denied', port = 0x943b, name = 'com.apple.tsm.portname'
See /usr/include/servers/bootstrap_defs.h for the error codes.
2017-09-14 17:18:01.466 plugin-container[1208:80792] *** CFMessagePort: bootstrap_register(): failed 1100 (0x44c) 'Permission denied', port = 0x9703, name = 'com.apple.CFPasteboardClient'
See /usr/include/servers/bootstrap_defs.h for the error codes.
1505434780297	Marionette	INFO	New connections will no longer be accepted
1505435519102	geckodriver	INFO	Listening on 127.0.0.1:51641
1505435520363	geckodriver::marionette	INFO	Starting browser /Applications/Firefox.app/Contents/MacOS/firefox-bin with args ["-marionette"]
1505435524284	Marionette	INFO	Listening on port 51654
1505435524359	Marionette	WARN	TLS certificate errors will be ignored for this session
2017-09-14 17:32:04.909 plugin-container[1242:84308] *** CFMessagePort: bootstrap_register(): failed 1100 (0x44c) 'Permission denied', port = 0x953b, name = 'com.apple.tsm.portname'
See /usr/include/servers/bootstrap_defs.h for the error codes.
2017-09-14 17:32:04.936 plugin-container[1242:84308] *** CFMessagePort: bootstrap_register(): failed 1100 (0x44c) 'Permission denied', port = 0x9803, name = 'com.apple.CFPasteboardClient'
See /usr/include/servers/bootstrap_defs.h for the error codes.
1505435613991	Marionette	INFO	New connections will no longer be accepted
1505435618698	geckodriver	INFO	Listening on 127.0.0.1:52201
1505435620108	geckodriver::marionette	INFO	Starting browser /Applications/Firefox.app/Contents/MacOS/firefox-bin with args ["-marionette"]
1505435629200	Marionette	INFO	Listening on port 52214
1505435629320	Marionette	WARN	TLS certificate errors will be ignored for this session
2017-09-14 17:33:49.995 plugin-container[1250:85456] *** CFMessagePort: bootstrap_register(): failed 1100 (0x44c) 'Permission denied', port = 0x943b, name = 'com.apple.tsm.portname'
See /usr/include/servers/bootstrap_defs.h for the error codes.
2017-09-14 17:33:49.998 plugin-container[1250:85456] *** CFMessagePort: bootstrap_register(): failed 1100 (0x44c) 'Permission denied', port = 0x9703, name = 'com.apple.CFPasteboardClient'
See /usr/include/servers/bootstrap_defs.h for the error codes.
1505435729451	Marionette	INFO	New connections will no longer be accepted
1505436278245	geckodriver	INFO	Listening on 127.0.0.1:55062
1505436279489	geckodriver::marionette	INFO	Starting browser /Applications/Firefox.app/Contents/MacOS/firefox-bin with args ["-marionette"]
1505436283918	Marionette	INFO	Listening on port 55079
1505436283996	Marionette	WARN	TLS certificate errors will be ignored for this session
2017-09-14 17:44:44.497 plugin-container[1275:88285] *** CFMessagePort: bootstrap_register(): failed 1100 (0x44c) 'Permission denied', port = 0x963b, name = 'com.apple.tsm.portname'
See /usr/include/servers/bootstrap_defs.h for the error codes.
2017-09-14 17:44:44.501 plugin-container[1275:88285] *** CFMessagePort: bootstrap_register(): failed 1100 (0x44c) 'Permission denied', port = 0x9903, name = 'com.apple.CFPasteboardClient'
See /usr/include/servers/bootstrap_defs.h for the error codes.
1505436373414	Marionette	INFO	New connections will no longer be accepted
1505436377827	geckodriver	INFO	Listening on 127.0.0.1:55623
1505436378899	geckodriver::marionette	INFO	Starting browser /Applications/Firefox.app/Contents/MacOS/firefox-bin with args ["-marionette"]
1505436385258	Marionette	INFO	Listening on port 55636
1505436385342	Marionette	WARN	TLS certificate errors will be ignored for this session
2017-09-14 17:46:25.898 plugin-container[1283:89361] *** CFMessagePort: bootstrap_register(): failed 1100 (0x44c) 'Permission denied', port = 0x942f, name = 'com.apple.tsm.portname'
See /usr/include/servers/bootstrap_defs.h for the error codes.
2017-09-14 17:46:25.903 plugin-container[1283:89361] *** CFMessagePort: bootstrap_register(): failed 1100 (0x44c) 'Permission denied', port = 0x9703, name = 'com.apple.CFPasteboardClient'
See /usr/include/servers/bootstrap_defs.h for the error codes.
1505436485919	Marionette	INFO	New connections will no longer be accepted
1505436850294	geckodriver	INFO	Listening on 127.0.0.1:57661
1505436851496	geckodriver::marionette	INFO	Starting browser /Applications/Firefox.app/Contents/MacOS/firefox-bin with args ["-marionette"]
1505436855684	Marionette	INFO	Listening on port 57678
1505436855759	Marionette	WARN	TLS certificate errors will be ignored for this session
2017-09-14 17:54:16.243 plugin-container[1315:92410] *** CFMessagePort: bootstrap_register(): failed 1100 (0x44c) 'Permission denied', port = 0x963b, name = 'com.apple.tsm.portname'
See /usr/include/servers/bootstrap_defs.h for the error codes.
2017-09-14 17:54:16.248 plugin-container[1315:92410] *** CFMessagePort: bootstrap_register(): failed 1100 (0x44c) 'Permission denied', port = 0x9903, name = 'com.apple.CFPasteboardClient'
See /usr/include/servers/bootstrap_defs.h for the error codes.
1505436945197	Marionette	INFO	New connections will no longer be accepted
1505436948648	geckodriver	INFO	Listening on 127.0.0.1:58208
1505436949735	geckodriver::marionette	INFO	Starting browser /Applications/Firefox.app/Contents/MacOS/firefox-bin with args ["-marionette"]
1505436956288	Marionette	INFO	Listening on port 58221
1505436956389	Marionette	WARN	TLS certificate errors will be ignored for this session
2017-09-14 17:55:57.042 plugin-container[1323:93572] *** CFMessagePort: bootstrap_register(): failed 1100 (0x44c) 'Permission denied', port = 0x943b, name = 'com.apple.tsm.portname'
See /usr/include/servers/bootstrap_defs.h for the error codes.
2017-09-14 17:55:57.046 plugin-container[1323:93572] *** CFMessagePort: bootstrap_register(): failed 1100 (0x44c) 'Permission denied', port = 0x9703, name = 'com.apple.CFPasteboardClient'
See /usr/include/servers/bootstrap_defs.h for the error codes.
1505437055967	Marionette	INFO	New connections will no longer be accepted
1505440493585	geckodriver	INFO	Listening on 127.0.0.1:65165
1505440494903	geckodriver::marionette	INFO	Starting browser /Applications/Firefox.app/Contents/MacOS/firefox-bin with args ["-marionette"]
1505440504589	Marionette	INFO	Listening on port 65182
1505440504796	Marionette	WARN	TLS certificate errors will be ignored for this session
2017-09-14 18:55:05.745 plugin-container[1423:103000] *** CFMessagePort: bootstrap_register(): failed 1100 (0x44c) 'Permission denied', port = 0x943b, name = 'com.apple.tsm.portname'
See /usr/include/servers/bootstrap_defs.h for the error codes.
2017-09-14 18:55:05.748 plugin-container[1423:103000] *** CFMessagePort: bootstrap_register(): failed 1100 (0x44c) 'Permission denied', port = 0x9703, name = 'com.apple.CFPasteboardClient'
See /usr/include/servers/bootstrap_defs.h for the error codes.
1505440545892	geckodriver	INFO	Listening on 127.0.0.1:49238
1505440547077	geckodriver::marionette	INFO	Starting browser /Applications/Firefox.app/Contents/MacOS/firefox-bin with args ["-marionette"]
1505440551080	Marionette	INFO	Listening on port 49251
1505440551179	Marionette	WARN	TLS certificate errors will be ignored for this session
2017-09-14 18:55:51.768 plugin-container[1475:103836] *** CFMessagePort: bootstrap_register(): failed 1100 (0x44c) 'Permission denied', port = 0x9633, name = 'com.apple.tsm.portname'
See /usr/include/servers/bootstrap_defs.h for the error codes.
2017-09-14 18:55:51.788 plugin-container[1475:103836] *** CFMessagePort: bootstrap_register(): failed 1100 (0x44c) 'Permission denied', port = 0x9903, name = 'com.apple.CFPasteboardClient'
See /usr/include/servers/bootstrap_defs.h for the error codes.
2017-09-14 18:56:11.233 plugin-container[1481:104044] *** CFMessagePort: bootstrap_register(): failed 1100 (0x44c) 'Permission denied', port = 0x943f, name = 'com.apple.tsm.portname'
See /usr/include/servers/bootstrap_defs.h for the error codes.
2017-09-14 18:56:11.236 plugin-container[1481:104044] *** CFMessagePort: bootstrap_register(): failed 1100 (0x44c) 'Permission denied', port = 0x9803, name = 'com.apple.CFPasteboardClient'
See /usr/include/servers/bootstrap_defs.h for the error codes.
2017-09-14 18:56:18.413 plugin-container[1483:104346] *** CFMessagePort: bootstrap_register(): failed 1100 (0x44c) 'Permission denied', port = 0x963b, name = 'com.apple.tsm.portname'
See /usr/include/servers/bootstrap_defs.h for the error codes.
2017-09-14 18:56:18.414 plugin-container[1483:104346] *** CFMessagePort: bootstrap_register(): failed 1100 (0x44c) 'Permission denied', port = 0x9903, name = 'com.apple.CFPasteboardClient'
See /usr/include/servers/bootstrap_defs.h for the error codes.
1505440592374	geckodriver	INFO	Listening on 127.0.0.1:49550
1505440593801	geckodriver::marionette	INFO	Starting browser /Applications/Firefox.app/Contents/MacOS/firefox-bin with args ["-marionette"]
1505440597125	Marionette	INFO	Listening on port 49563
1505440597228	Marionette	WARN	TLS certificate errors will be ignored for this session
2017-09-14 18:56:37.712 plugin-container[1490:104636] *** CFMessagePort: bootstrap_register(): failed 1100 (0x44c) 'Permission denied', port = 0x943b, name = 'com.apple.tsm.portname'
See /usr/include/servers/bootstrap_defs.h for the error codes.
2017-09-14 18:56:37.713 plugin-container[1490:104636] *** CFMessagePort: bootstrap_register(): failed 1100 (0x44c) 'Permission denied', port = 0x9703, name = 'com.apple.CFPasteboardClient'
See /usr/include/servers/bootstrap_defs.h for the error codes.
[GFX1-]: Receive IPC close with reason=AbnormalShutdown
1505440668023	geckodriver	INFO	Listening on 127.0.0.1:49965
1505440669020	geckodriver::marionette	INFO	Starting browser /Applications/Firefox.app/Contents/MacOS/firefox-bin with args ["-marionette"]
1505440671454	Marionette	INFO	Listening on port 49978
1505440671554	Marionette	WARN	TLS certificate errors will be ignored for this session
2017-09-14 18:57:52.206 plugin-container[1515:105845] *** CFMessagePort: bootstrap_register(): failed 1100 (0x44c) 'Permission denied', port = 0x962f, name = 'com.apple.tsm.portname'
See /usr/include/servers/bootstrap_defs.h for the error codes.
2017-09-14 18:57:52.210 plugin-container[1515:105845] *** CFMessagePort: bootstrap_register(): failed 1100 (0x44c) 'Permission denied', port = 0x9903, name = 'com.apple.CFPasteboardClient'
See /usr/include/servers/bootstrap_defs.h for the error codes.
*************************
A coding exception was thrown and uncaught in a Task.

Full message: TypeError: NetworkError when attempting to fetch resource.
Full stack: 
*************************
2017-09-14 19:21:22.470 plugin-container[1546:114100] *** CFMessagePort: bootstrap_register(): failed 1100 (0x44c) 'Permission denied', port = 0x943b, name = 'com.apple.tsm.portname'
See /usr/include/servers/bootstrap_defs.h for the error codes.
2017-09-14 19:21:22.487 plugin-container[1546:114100] *** CFMessagePort: bootstrap_register(): failed 1100 (0x44c) 'Permission denied', port = 0x9703, name = 'com.apple.CFPasteboardClient'
See /usr/include/servers/bootstrap_defs.h for the error codes.
1505693675398	geckodriver	INFO	Listening on 127.0.0.1:60686
1505693677007	geckodriver::marionette	INFO	Starting browser /Applications/Firefox.app/Contents/MacOS/firefox-bin with args ["-marionette"]
1505693697409	Marionette	INFO	Listening on port 60707
1505693698835	Marionette	WARN	TLS certificate errors will be ignored for this session
2017-09-17 17:15:02.052 plugin-container[10731:504737] *** CFMessagePort: bootstrap_register(): failed 1100 (0x44c) 'Permission denied', port = 0x943b, name = 'com.apple.tsm.portname'
See /usr/include/servers/bootstrap_defs.h for the error codes.
2017-09-17 17:15:02.057 plugin-container[10731:504737] *** CFMessagePort: bootstrap_register(): failed 1100 (0x44c) 'Permission denied', port = 0x9703, name = 'com.apple.CFPasteboardClient'
See /usr/include/servers/bootstrap_defs.h for the error codes.
1505693793959	Marionette	INFO	New connections will no longer be accepted
1505693799089	geckodriver	INFO	Listening on 127.0.0.1:61625
1505693800829	geckodriver::marionette	INFO	Starting browser /Applications/Firefox.app/Contents/MacOS/firefox-bin with args ["-marionette"]
1505693815734	Marionette	INFO	Listening on port 61642
1505693815890	Marionette	WARN	TLS certificate errors will be ignored for this session
2017-09-17 17:16:57.299 plugin-container[10741:505749] *** CFMessagePort: bootstrap_register(): failed 1100 (0x44c) 'Permission denied', port = 0x943b, name = 'com.apple.tsm.portname'
See /usr/include/servers/bootstrap_defs.h for the error codes.
2017-09-17 17:16:57.303 plugin-container[10741:505749] *** CFMessagePort: bootstrap_register(): failed 1100 (0x44c) 'Permission denied', port = 0x9703, name = 'com.apple.CFPasteboardClient'
See /usr/include/servers/bootstrap_defs.h for the error codes.
1505693916998	Marionette	INFO	New connections will no longer be accepted
1505694503014	geckodriver	INFO	Listening on 127.0.0.1:64856
1505694504145	geckodriver::marionette	INFO	Starting browser /Applications/Firefox.app/Contents/MacOS/firefox-bin with args ["-marionette"]
1505694515155	Marionette	INFO	Listening on port 64869
1505694515995	Marionette	WARN	TLS certificate errors will be ignored for this session
2017-09-17 17:28:37.828 plugin-container[10806:510786] *** CFMessagePort: bootstrap_register(): failed 1100 (0x44c) 'Permission denied', port = 0x910b, name = 'com.apple.tsm.portname'
See /usr/include/servers/bootstrap_defs.h for the error codes.
2017-09-17 17:28:37.831 plugin-container[10806:510786] *** CFMessagePort: bootstrap_register(): failed 1100 (0x44c) 'Permission denied', port = 0x9803, name = 'com.apple.CFPasteboardClient'
See /usr/include/servers/bootstrap_defs.h for the error codes.
1505694620024	geckodriver	INFO	Listening on 127.0.0.1:49209
1505694621317	geckodriver::marionette	INFO	Starting browser /Applications/Firefox.app/Contents/MacOS/firefox-bin with args ["-marionette"]
1505694665150	geckodriver	INFO	Listening on 127.0.0.1:49482
1505694666155	geckodriver::marionette	INFO	Starting browser /Applications/Firefox.app/Contents/MacOS/firefox-bin with args ["-marionette"]
1505694668846	Marionette	INFO	Listening on port 49495
1505694668920	Marionette	WARN	TLS certificate errors will be ignored for this session
2017-09-17 17:31:09.411 plugin-container[10867:512725] *** CFMessagePort: bootstrap_register(): failed 1100 (0x44c) 'Permission denied', port = 0x963b, name = 'com.apple.tsm.portname'
See /usr/include/servers/bootstrap_defs.h for the error codes.
2017-09-17 17:31:09.416 plugin-container[10867:512725] *** CFMessagePort: bootstrap_register(): failed 1100 (0x44c) 'Permission denied', port = 0x9903, name = 'com.apple.CFPasteboardClient'
See /usr/include/servers/bootstrap_defs.h for the error codes.
[Child 10867] WARNING: pipe error: Broken pipe: file /builds/slave/m-rel-m64-00000000000000000000/build/src/ipc/chromium/src/chrome/common/ipc_channel_posix.cc, line 702
[GFX1-]: Receive IPC close with reason=AbnormalShutdown
1505846917404	geckodriver	INFO	Listening on 127.0.0.1:60155
1505846918734	geckodriver::marionette	INFO	Starting browser /Applications/Firefox.app/Contents/MacOS/firefox-bin with args ["-marionette"]
1505846926434	Marionette	INFO	Listening on port 60168
1505846926556	Marionette	WARN	TLS certificate errors will be ignored for this session
2017-09-19 11:48:47.228 plugin-container[15190:812956] *** CFMessagePort: bootstrap_register(): failed 1100 (0x44c) 'Permission denied', port = 0x943b, name = 'com.apple.tsm.portname'
See /usr/include/servers/bootstrap_defs.h for the error codes.
2017-09-19 11:48:47.232 plugin-container[15190:812956] *** CFMessagePort: bootstrap_register(): failed 1100 (0x44c) 'Permission denied', port = 0x9703, name = 'com.apple.CFPasteboardClient'
See /usr/include/servers/bootstrap_defs.h for the error codes.
JavaScript error: https://assets.bbystatic.com/price-view/price-view-56986107b9007b5cc69b.js, line 1: ReferenceError: Redux is not defined
1505847048320	geckodriver	INFO	Listening on 127.0.0.1:60937
1505847049334	geckodriver::marionette	INFO	Starting browser /Applications/Firefox.app/Contents/MacOS/firefox-bin with args ["-marionette"]
1505847052923	Marionette	INFO	Listening on port 60950
1505847053013	Marionette	WARN	TLS certificate errors will be ignored for this session
2017-09-19 11:50:53.497 plugin-container[15212:814323] *** CFMessagePort: bootstrap_register(): failed 1100 (0x44c) 'Permission denied', port = 0x963b, name = 'com.apple.tsm.portname'
See /usr/include/servers/bootstrap_defs.h for the error codes.
2017-09-19 11:50:53.502 plugin-container[15212:814323] *** CFMessagePort: bootstrap_register(): failed 1100 (0x44c) 'Permission denied', port = 0x9903, name = 'com.apple.CFPasteboardClient'
See /usr/include/servers/bootstrap_defs.h for the error codes.
JavaScript error: https://assets.bbystatic.com/price-view/price-view-56986107b9007b5cc69b.js, line 1: ReferenceError: Redux is not defined
JavaScript error: https://secure-ds.serving-sys.com/BurstingRes/Site-8594/WSFolders/10684711_24//index.html?v=_2_87_1_0&n=1&r=_1_41_0_0, line 49: SyntaxError: JSON.parse: unexpected character at line 1 column 1 of the JSON data
JavaScript error: https://secure-ds.serving-sys.com/BurstingRes/Site-8594/WSFolders/10684711_24//index.html?v=_2_87_1_0&n=1&r=_1_41_0_0, line 49: SyntaxError: JSON.parse: unexpected non-whitespace character after JSON data at line 1 column 2 of the JSON data
1505847129132	Marionette	INFO	New connections will no longer be accepted
1505869280049	geckodriver	INFO	Listening on 127.0.0.1:57025
1505869281102	geckodriver::marionette	INFO	Starting browser /Applications/Firefox.app/Contents/MacOS/firefox-bin with args ["-marionette"]
1505869287761	Marionette	INFO	Listening on port 57035
1505869287837	Marionette	WARN	TLS certificate errors will be ignored for this session
2017-09-19 18:01:28.452 plugin-container[15508:867705] *** CFMessagePort: bootstrap_register(): failed 1100 (0x44c) 'Permission denied', port = 0x963b, name = 'com.apple.tsm.portname'
See /usr/include/servers/bootstrap_defs.h for the error codes.
2017-09-19 18:01:28.458 plugin-container[15508:867705] *** CFMessagePort: bootstrap_register(): failed 1100 (0x44c) 'Permission denied', port = 0x9903, name = 'com.apple.CFPasteboardClient'
See /usr/include/servers/bootstrap_defs.h for the error codes.
JavaScript error: https://assets.bbystatic.com/price-view/price-view-56986107b9007b5cc69b.js, line 1: ReferenceError: Redux is not defined
JavaScript error: https://d1af033869koo7.cloudfront.net/psp/platform/default/247fwk.js, line 7: TypeError: parent.SN.Conf is undefined
1505869309510	Marionette	INFO	New connections will no longer be accepted
[GFX1]: [Tiling:Client] Failed to allocate a TextureClient
1505870101715	geckodriver	INFO	Listening on 127.0.0.1:57330
1505870102721	geckodriver::marionette	INFO	Starting browser /Applications/Firefox.app/Contents/MacOS/firefox-bin with args ["-marionette"]
1505870104966	Marionette	INFO	Listening on port 57339
1505870105043	Marionette	WARN	TLS certificate errors will be ignored for this session
2017-09-19 18:15:05.521 plugin-container[15545:871754] *** CFMessagePort: bootstrap_register(): failed 1100 (0x44c) 'Permission denied', port = 0x963b, name = 'com.apple.tsm.portname'
See /usr/include/servers/bootstrap_defs.h for the error codes.
2017-09-19 18:15:05.525 plugin-container[15545:871754] *** CFMessagePort: bootstrap_register(): failed 1100 (0x44c) 'Permission denied', port = 0x9903, name = 'com.apple.CFPasteboardClient'
See /usr/include/servers/bootstrap_defs.h for the error codes.
JavaScript error: https://assets.bbystatic.com/price-view/price-view-56986107b9007b5cc69b.js, line 1: ReferenceError: Redux is not defined
1505870125769	Marionette	INFO	New connections will no longer be accepted
1505870841374	geckodriver	INFO	Listening on 127.0.0.1:58052
1505870842381	geckodriver::marionette	INFO	Starting browser /Applications/Firefox.app/Contents/MacOS/firefox-bin with args ["-marionette"]
1505870844729	Marionette	INFO	Listening on port 58065
1505870844799	Marionette	WARN	TLS certificate errors will be ignored for this session
2017-09-19 18:27:25.279 plugin-container[15636:876185] *** CFMessagePort: bootstrap_register(): failed 1100 (0x44c) 'Permission denied', port = 0x963b, name = 'com.apple.tsm.portname'
See /usr/include/servers/bootstrap_defs.h for the error codes.
2017-09-19 18:27:25.283 plugin-container[15636:876185] *** CFMessagePort: bootstrap_register(): failed 1100 (0x44c) 'Permission denied', port = 0x9903, name = 'com.apple.CFPasteboardClient'
See /usr/include/servers/bootstrap_defs.h for the error codes.
JavaScript error: https://assets.bbystatic.com/price-view/price-view-56986107b9007b5cc69b.js, line 1: ReferenceError: Redux is not defined
JavaScript error: https://d1af033869koo7.cloudfront.net/psp/platform/default/247fwk.js, line 7: TypeError: parent.SN.Conf is undefined
1505870865643	Marionette	INFO	New connections will no longer be accepted
